<?xml version="1.0" encoding="UTF-8"?>
<!-- Generated by org.testng.reporters.JUnitXMLReporter -->
<testsuite ignored="4" hostname="LTIN252985" failures="0" tests="24" name="Regression Test" time="67.792" errors="0" timestamp="2022-01-05T16:29:48 IST">
  <testcase classname="org.coursera.WebDevelopmentSearchTests" name="verifyHomepageTitle" time="0.873"/>
  <testcase classname="org.coursera.WebDevelopmentSearchTests" name="searchWebDevelopment" time="8.771"/>
  <testcase classname="org.coursera.WebDevelopmentSearchTests" name="selectLevel" time="3.091"/>
  <testcase classname="org.coursera.WebDevelopmentSearchTests" name="selectLanguage" time="0.372"/>
  <testcase classname="org.coursera.WebDevelopmentSearchTests" name="getFirstCourseName" time="1.404"/>
  <testcase classname="org.coursera.WebDevelopmentSearchTests" name="getSecondCourseName" time="0.063"/>
  <testcase classname="org.coursera.WebDevelopmentSearchTests" name="getCourse1Page" time="3.621"/>
  <testcase classname="org.coursera.WebDevelopmentSearchTests" name="getFirstCourseRating" time="1.987"/>
  <testcase classname="org.coursera.WebDevelopmentSearchTests" name="getCourse1Duration" time="0.128"/>
  <testcase classname="org.coursera.WebDevelopmentSearchTests" name="backToResultPage" time="0.139"/>
  <testcase classname="org.coursera.WebDevelopmentSearchTests" name="getCourse2Page" time="4.498"/>
  <testcase classname="org.coursera.WebDevelopmentSearchTests" name="getSecondCourseRating" time="0.822"/>
  <testcase classname="org.coursera.WebDevelopmentSearchTests" name="getCourse2Duration" time="0.307"/>
  <testcase classname="org.coursera.WebDevelopmentSearchTests" name="backToResultPage2" time="0.145"/>
  <testcase classname="org.coursera.LanguageLearningSearchTests" name="returnHomePage" time="5.725"/>
  <testcase classname="org.coursera.LanguageLearningSearchTests" name="searchLangLearn" time="8.759"/>
  <testcase classname="org.coursera.LanguageLearningSearchTests" name="langFilter" time="5.621"/>
  <testcase classname="org.coursera.LanguageLearningSearchTests" name="levelFilter" time="0.573"/>
  <testcase classname="org.coursera.ReadyToTransformTests" name="return2HomePage" time="5.253"/>
  <testcase classname="org.coursera.ReadyToTransformTests" name="reachForCampusPage" time="11.421"/>
  <testcase classname="org.coursera.ReadyToTransformTests" name="getR2TForm" time="1.422"/>
  <testcase classname="org.coursera.ReadyToTransformTests" name="fillR2TForm" time="1.766"/>
  <testcase classname="org.coursera.ReadyToTransformTests" name="getErrorMsg" time="0.842"/>
  <testcase classname="org.coursera.ReadyToTransformTests" name="verifyErrorMsg" time="0.005"/>
  <testcase classname="org.coursera.Initialization" name="@BeforeSuite invokeBrowser" time="0.0">
    <ignored/>
  </testcase> <!-- @BeforeSuite invokeBrowser -->
  <testcase classname="org.coursera.Initialization" name="@BeforeSuite invokeBrowser" time="0.0">
    <ignored/>
  </testcase> <!-- @BeforeSuite invokeBrowser -->
  <testcase classname="org.coursera.Initialization" name="@AfterSuite closeBrowser" time="0.0">
    <ignored/>
  </testcase> <!-- @AfterSuite closeBrowser -->
  <testcase classname="org.coursera.Initialization" name="@AfterSuite closeBrowser" time="0.0">
    <ignored/>
  </testcase> <!-- @AfterSuite closeBrowser -->
</testsuite> <!-- Regression Test -->
